#
# A fatal error has been detected by the Java Runtime Environment:
#
#  SIGBUS (0xa) at pc=0x00000001115270ae, pid=8011, tid=5891
#
# JRE version: Java(TM) SE Runtime Environment (7.0_79-b15) (build 1.7.0_79-b15)
# Java VM: Java HotSpot(TM) 64-Bit Server VM (24.79-b02 mixed mode bsd-amd64 compressed oops)
# Problematic frame:
# V  [libjvm.dylib+0x5270ae]
#
# Failed to write core dump. Core dumps have been disabled. To enable core dumping, try "ulimit -c unlimited" before starting Java again
#
# If you would like to submit a bug report, please visit:
#   http://bugreport.java.com/bugreport/crash.jsp
#

---------------  T H R E A D  ---------------

Current thread (0x00007fe215808000):  JavaThread "main" [_thread_in_vm, id=5891, stack(0x000070000011a000,0x000070000021a000)]

siginfo:si_signo=SIGBUS: si_errno=0, si_code=2 (BUS_ADRERR), si_addr=0x000070000011aff0

Registers:
RAX=0x00000007ab46bd78, RBX=0x00007fe21494a530, RCX=0x00007fe2129c59d0, RDX=0x0000000121e92010
RSP=0x0000700000218390, RBP=0x0000700000218480, RSI=0x000070000011aff8, RDI=0x00007000002183f0
R8 =0x0000000000000000, R9 =0x0000000000000027, R10=0x00000000306ccc76, R11=0x00000000306dc200
R12=0x000070000011afe8, R13=0x0000000000000000, R14=0x00007fe21494ab30, R15=0x0000700000218428
RIP=0x00000001115270ae, EFLAGS=0x0000000000010202, ERR=0x0000000000000004
  TRAPNO=0x000000000000000e

Top of Stack: (sp=0x0000700000218390)
0x0000700000218390:   0000700000219108 0000000111a690d8
0x00007000002183a0:   0000000111a68310 0000000600000000
0x00007000002183b0:   0000700000219158 0000700000219118
0x00007000002183c0:   0000700000219108 0000000111a690d8
0x00007000002183d0:   0000000111a68310 0000000600000000
0x00007000002183e0:   0000700000219158 0000700000219118
0x00007000002183f0:   0000700000219108 0000000111a690d8
0x0000700000218400:   0000000111a68310 0000000600000000
0x0000700000218410:   0000700000219158 0000700000219118
0x0000700000218420:   00007fe2129c59d0 0000700000219108
0x0000700000218430:   0000000111a690d8 0000000111a68310
0x0000700000218440:   0000000700000000 0000700000219158
0x0000700000218450:   0000700000219118 00007fe215005160
0x0000700000218460:   00000000ffffffff 0000000000000001
0x0000700000218470:   00007fe21494a530 00007fe21494a4e0
0x0000700000218480:   0000700000218a80 00000001110f57bb
0x0000700000218490:   00007fe215808000 00007fe215304810
0x00007000002184a0:   0000000000000049 00007fe200000002
0x00007000002184b0:   00007fe216ff8000 0000000000000004
0x00007000002184c0:   0000000000000008 00007fe216800000
0x00007000002184d0:   00007fe216800000 00007fe216800800
0x00007000002184e0:   0000000016800008 000000010fc4b000
0x00007000002184f0:   0000000000000800 0000000000000000
0x0000700000218500:   00007fe216807c00 0000000000000180
0x0000700000218510:   0000000000000000 000000000000000d
0x0000700000218520:   0000700000218870 000000010feb72d9
0x0000700000218530:   00007fe215808000 0000000000000005
0x0000700000218540:   00007fe21500ebc0 00007fe2158081e8
0x0000700000218550:   00007fe214946610 0000000000000421
0x0000700000218560:   0000000000000000 00007fe2153047f0
0x0000700000218570:   0000000000000001 0000000000000000
0x0000700000218580:   00007fe215304810 0000000000000001 

Instructions: (pc=0x00000001115270ae)
0x000000011152708e:   48 8b 4b 30 48 89 8d 68 ff ff ff 48 8d bd 40 ff
0x000000011152709e:   ff ff 48 89 c6 e8 aa 1c d2 ff 4c 8d 7d a8 eb 79
0x00000001115270ae:   4d 8b 6c 24 08 31 f6 bf 20 00 00 00 e8 ef 8a f4
0x00000001115270be:   ff 48 85 c0 74 17 4c 89 28 48 c7 40 10 00 00 00 

Register to memory mapping:

RAX=0x00000007ab46bd78 is an oop
java.lang.NoClassDefFoundError 
 - klass: 'java/lang/NoClassDefFoundError'
RBX=0x00007fe21494a530 is an unknown value
RCX=0x00007fe2129c59d0 is an unknown value
RDX=0x0000000121e92010 is an unknown value
RSP=0x0000700000218390 is pointing into the stack for thread: 0x00007fe215808000
RBP=0x0000700000218480 is pointing into the stack for thread: 0x00007fe215808000
RSI=0x000070000011aff8 is pointing into the stack for thread: 0x00007fe215808000
RDI=0x00007000002183f0 is pointing into the stack for thread: 0x00007fe215808000
R8 =0x0000000000000000 is an unknown value
R9 =0x0000000000000027 is an unknown value
R10=0x00000000306ccc76 is an unknown value
R11=0x00000000306dc200 is an unknown value
R12=0x000070000011afe8 is pointing into the stack for thread: 0x00007fe215808000
R13=0x0000000000000000 is an unknown value
R14=0x00007fe21494ab30 is an unknown value
R15=0x0000700000218428 is pointing into the stack for thread: 0x00007fe215808000


Stack: [0x000070000011a000,0x000070000021a000],  sp=0x0000700000218390,  free space=1016k
Native frames: (J=compiled Java code, j=interpreted, Vv=VM code, C=native code)
V  [libjvm.dylib+0x5270ae]
V  [libjvm.dylib+0xf57bb]
V  [libjvm.dylib+0xf5b07]
V  [libjvm.dylib+0xf63e6]
V  [libjvm.dylib+0x4c6164]
V  [libjvm.dylib+0x3301e0]
j  java.lang.System.identityHashCode(Ljava/lang/Object;)I+0
j  java.util.IdentityHashMap.hash(Ljava/lang/Object;I)I+1
j  java.util.IdentityHashMap.put(Ljava/lang/Object;Ljava/lang/Object;)Ljava/lang/Object;+19
j  java.util.Collections$SetFromMap.add(Ljava/lang/Object;)Z+8
j  java.lang.Throwable.printStackTrace(Ljava/lang/Throwable$PrintStreamOrWriter;)V+13
j  java.lang.Throwable.printStackTrace(Ljava/io/PrintStream;)V+9
j  java.lang.Throwable.printStackTrace()V+4
j  org.slf4j.helpers.Util.report(Ljava/lang/String;Ljava/lang/Throwable;)V+16
j  org.slf4j.LoggerFactory.failedBinding(Ljava/lang/Throwable;)V+7
j  org.slf4j.LoggerFactory.bind()V+62
j  org.slf4j.LoggerFactory.performInitialization()V+0
j  org.slf4j.LoggerFactory.getILoggerFactory()Lorg/slf4j/ILoggerFactory;+10
j  org.slf4j.LoggerFactory.getLogger(Ljava/lang/String;)Lorg/slf4j/Logger;+0
j  org.slf4j.LoggerFactory.getLogger(Ljava/lang/Class;)Lorg/slf4j/Logger;+4
j  org.remotequery.RemoteQueryUtils.<clinit>()V+2
v  ~StubRoutines::call_stub
V  [libjvm.dylib+0x2dbef8]
V  [libjvm.dylib+0x2dbcc8]
V  [libjvm.dylib+0x2b13fd]
V  [libjvm.dylib+0x2b28f0]
V  [libjvm.dylib+0x2a4c25]
V  [libjvm.dylib+0x3a5389]
V  [libjvm.dylib+0x3a546f]
V  [libjvm.dylib+0x2d7042]
j  org.remotequery.tests.TestCentral.createTestConnection()Ljava/sql/Connection;+61
j  org.remotequery.tests.TestCentral.main([Ljava/lang/String;)V+0
v  ~StubRoutines::call_stub
V  [libjvm.dylib+0x2dbef8]
V  [libjvm.dylib+0x2dbcc8]
V  [libjvm.dylib+0x30f55e]
V  [libjvm.dylib+0x3086f9]
C  [java+0x30fe]  JavaMain+0x91d
C  [libsystem_pthread.dylib+0x399d]  _pthread_body+0x83
C  [libsystem_pthread.dylib+0x391a]  _pthread_body+0x0
C  [libsystem_pthread.dylib+0x1351]  thread_start+0xd

Java frames: (J=compiled Java code, j=interpreted, Vv=VM code)
j  java.lang.System.identityHashCode(Ljava/lang/Object;)I+0
j  java.util.IdentityHashMap.hash(Ljava/lang/Object;I)I+1
j  java.util.IdentityHashMap.put(Ljava/lang/Object;Ljava/lang/Object;)Ljava/lang/Object;+19
j  java.util.Collections$SetFromMap.add(Ljava/lang/Object;)Z+8
j  java.lang.Throwable.printStackTrace(Ljava/lang/Throwable$PrintStreamOrWriter;)V+13
j  java.lang.Throwable.printStackTrace(Ljava/io/PrintStream;)V+9
j  java.lang.Throwable.printStackTrace()V+4
j  org.slf4j.helpers.Util.report(Ljava/lang/String;Ljava/lang/Throwable;)V+16
j  org.slf4j.LoggerFactory.failedBinding(Ljava/lang/Throwable;)V+7
j  org.slf4j.LoggerFactory.bind()V+62
j  org.slf4j.LoggerFactory.performInitialization()V+0
j  org.slf4j.LoggerFactory.getILoggerFactory()Lorg/slf4j/ILoggerFactory;+10
j  org.slf4j.LoggerFactory.getLogger(Ljava/lang/String;)Lorg/slf4j/Logger;+0
j  org.slf4j.LoggerFactory.getLogger(Ljava/lang/Class;)Lorg/slf4j/Logger;+4
j  org.remotequery.RemoteQueryUtils.<clinit>()V+2
v  ~StubRoutines::call_stub
j  org.remotequery.tests.TestCentral.createTestConnection()Ljava/sql/Connection;+61
j  org.remotequery.tests.TestCentral.main([Ljava/lang/String;)V+0
v  ~StubRoutines::call_stub

---------------  P R O C E S S  ---------------

Java Threads: ( => current thread )
  0x00007fe214811800 JavaThread "Service Thread" daemon [_thread_blocked, id=21763, stack(0x0000700001456000,0x0000700001556000)]
  0x00007fe214811000 JavaThread "C2 CompilerThread1" daemon [_thread_blocked, id=21251, stack(0x0000700001353000,0x0000700001453000)]
  0x00007fe21305d000 JavaThread "C2 CompilerThread0" daemon [_thread_blocked, id=20739, stack(0x0000700001250000,0x0000700001350000)]
  0x00007fe215804800 JavaThread "JDWP Command Reader" daemon [_thread_in_native, id=20227, stack(0x000070000114d000,0x000070000124d000)]
  0x00007fe214810000 JavaThread "JDWP Event Helper Thread" daemon [_thread_blocked, id=19715, stack(0x000070000104a000,0x000070000114a000)]
  0x00007fe215824800 JavaThread "JDWP Transport Listener: dt_socket" daemon [_thread_blocked, id=19203, stack(0x0000700000f47000,0x0000700001047000)]
  0x00007fe212818000 JavaThread "Signal Dispatcher" daemon [_thread_blocked, id=15887, stack(0x0000700000e44000,0x0000700000f44000)]
  0x00007fe214804000 JavaThread "Finalizer" daemon [_thread_blocked, id=14339, stack(0x0000700000c3b000,0x0000700000d3b000)]
  0x00007fe214803800 JavaThread "Reference Handler" daemon [_thread_blocked, id=13827, stack(0x0000700000b38000,0x0000700000c38000)]
=>0x00007fe215808000 JavaThread "main" [_thread_in_vm, id=5891, stack(0x000070000011a000,0x000070000021a000)]

Other Threads:
  0x00007fe213043800 VMThread [stack: 0x0000700000a35000,0x0000700000b35000] [id=13315]
  0x00007fe213052800 WatcherThread [stack: 0x0000700001559000,0x0000700001659000] [id=22275]

VM state:not at safepoint (normal execution)

VM Mutex/Monitor currently owned by a thread: None

Heap
 PSYoungGen      total 76800K, used 10584K [0x00000007aaa80000, 0x00000007b0000000, 0x0000000800000000)
  eden space 66048K, 16% used [0x00000007aaa80000,0x00000007ab4d6158,0x00000007aeb00000)
  from space 10752K, 0% used [0x00000007af580000,0x00000007af580000,0x00000007b0000000)
  to   space 10752K, 0% used [0x00000007aeb00000,0x00000007aeb00000,0x00000007af580000)
 ParOldGen       total 174592K, used 0K [0x0000000700000000, 0x000000070aa80000, 0x00000007aaa80000)
  object space 174592K, 0% used [0x0000000700000000,0x0000000700000000,0x000000070aa80000)
 PSPermGen       total 21504K, used 6639K [0x00000006fae00000, 0x00000006fc300000, 0x0000000700000000)
  object space 21504K, 30% used [0x00000006fae00000,0x00000006fb47be68,0x00000006fc300000)

Card table byte_map: [0x0000000114b23000,0x000000011534d000] byte_map_base: 0x000000011134c000

Polling page: 0x000000010feed000

Code Cache  [0x0000000111a63000, 0x0000000111cd3000, 0x0000000114a63000)
 total_blobs=282 nmethods=28 adapters=217 free_code_cache=48665Kb largest_free_block=49818048

Compilation events (10 events):
Event: 0.229 Thread 0x00007fe21305d000 nmethod 24 0x0000000111acdc50 code [0x0000000111acdd80, 0x0000000111acddb8]
Event: 0.232 Thread 0x00007fe214811000 nmethod 21 0x0000000111ad8bd0 code [0x0000000111ad8e20, 0x0000000111ada1f0]
Event: 0.241 Thread 0x00007fe21305d000   25             sun.net.www.ParseUtil::encodePath (336 bytes)
Event: 0.246 Thread 0x00007fe214811000   26             java.lang.String::startsWith (72 bytes)
Event: 0.248 Thread 0x00007fe214811000 nmethod 26 0x0000000111ad1690 code [0x0000000111ad17e0, 0x0000000111ad1a78]
Event: 0.253 Thread 0x00007fe21305d000 nmethod 25 0x0000000111adb1d0 code [0x0000000111adb440, 0x0000000111adc738]
Event: 0.264 Thread 0x00007fe214811000   27             java.lang.String::replace (127 bytes)
Event: 0.270 Thread 0x00007fe214811000 nmethod 27 0x0000000111ad6c10 code [0x0000000111ad6d80, 0x0000000111ad7278]
Event: 0.275 Thread 0x00007fe21305d000   28             java.lang.String::length (6 bytes)
Event: 0.275 Thread 0x00007fe21305d000 nmethod 28 0x0000000111ad75d0 code [0x0000000111ad7720, 0x0000000111ad77b8]

GC Heap History (0 events):
No events

Deoptimization events (0 events):
No events

Internal exceptions (10 events):
Event: 8.780 Thread 0x00007fe215808000 Threw 0x00000007ab45ab28 at /HUDSON/workspace/7u-2-build-macosx-x86_64/jdk7u79/2331/hotspot/src/share/vm/prims/jvm.cpp:1304
Event: 8.797 Thread 0x00007fe215808000 Threw 0x00000007ab465e58 at /HUDSON/workspace/7u-2-build-macosx-x86_64/jdk7u79/2331/hotspot/src/share/vm/prims/jvm.cpp:1304
Event: 8.802 Thread 0x00007fe215808000 Threw 0x00000007ab468ec8 at /HUDSON/workspace/7u-2-build-macosx-x86_64/jdk7u79/2331/hotspot/src/share/vm/prims/jvm.cpp:1304
Event: 8.805 Thread 0x00007fe215808000 Threw 0x00000007ab46bbf8 at /HUDSON/workspace/7u-2-build-macosx-x86_64/jdk7u79/2331/hotspot/src/share/vm/prims/jvm.cpp:1304
Event: 8.805 Thread 0x00007fe215808000 Threw 0x00000007ab46bd78 at /HUDSON/workspace/7u-2-build-macosx-x86_64/jdk7u79/2331/hotspot/src/share/vm/classfile/systemDictionary.cpp:174
Event: 8.806 Thread 0x00007fe215808000 Threw 0x00000007ab46c520 at /HUDSON/workspace/7u-2-build-macosx-x86_64/jdk7u79/2331/hotspot/src/share/vm/prims/jvm.cpp:1304
Event: 8.810 Thread 0x00007fe215808000 Threw 0x00000007ab4703a8 at /HUDSON/workspace/7u-2-build-macosx-x86_64/jdk7u79/2331/hotspot/src/share/vm/prims/jvm.cpp:1304
Event: 58.757 Thread 0x00007fe215808000 Threw 0x00000007ab47e450 at /HUDSON/workspace/7u-2-build-macosx-x86_64/jdk7u79/2331/hotspot/src/share/vm/prims/jvm.cpp:1304
Event: 58.762 Thread 0x00007fe215808000 Threw 0x00000007ab481180 at /HUDSON/workspace/7u-2-build-macosx-x86_64/jdk7u79/2331/hotspot/src/share/vm/prims/jvm.cpp:1304
Event: 58.762 Thread 0x00007fe215808000 Threw 0x00000007ab481300 at /HUDSON/workspace/7u-2-build-macosx-x86_64/jdk7u79/2331/hotspot/src/share/vm/classfile/systemDictionary.cpp:174

Events (10 events):
Event: 9.451 Executing VM operation: GetOrSetLocal
Event: 9.451 Executing VM operation: GetOrSetLocal done
Event: 58.745 Executing VM operation: GetCurrentLocation
Event: 58.745 Executing VM operation: GetCurrentLocation done
Event: 58.745 Executing VM operation: EnterInterpOnlyMode
Event: 58.745 Executing VM operation: EnterInterpOnlyMode done
Event: 58.745 Executing VM operation: ChangeSingleStep
Event: 58.745 Executing VM operation: ChangeSingleStep done
Event: 58.757 loading class 0x00007fe215020360
Event: 58.757 loading class 0x00007fe215020360 done


Dynamic libraries:
0x00000000033c2000 	/System/Library/Frameworks/Cocoa.framework/Versions/A/Cocoa
0x00000000033c2000 	/System/Library/Frameworks/Security.framework/Versions/A/Security
0x00000000033c2000 	/System/Library/Frameworks/ApplicationServices.framework/Versions/A/ApplicationServices
0x00000000033c2000 	/usr/lib/libz.1.dylib
0x00000000033c2000 	/usr/lib/libSystem.B.dylib
0x00000000033c2000 	/usr/lib/libobjc.A.dylib
0x00000000033c2000 	/System/Library/Frameworks/CoreFoundation.framework/Versions/A/CoreFoundation
0x00000000033c2000 	/System/Library/Frameworks/Foundation.framework/Versions/C/Foundation
0x00000000033c2000 	/System/Library/Frameworks/AppKit.framework/Versions/C/AppKit
0x00000000033c2000 	/System/Library/Frameworks/CoreData.framework/Versions/A/CoreData
0x00000000033c2000 	/System/Library/PrivateFrameworks/RemoteViewServices.framework/Versions/A/RemoteViewServices
0x00000000033c2000 	/System/Library/PrivateFrameworks/UIFoundation.framework/Versions/A/UIFoundation
0x00000000033c2000 	/usr/lib/libScreenReader.dylib
0x00000000033c2000 	/System/Library/Frameworks/Accelerate.framework/Versions/A/Accelerate
0x00000000033c2000 	/System/Library/Frameworks/IOSurface.framework/Versions/A/IOSurface
0x00000000033c2000 	/System/Library/Frameworks/AudioToolbox.framework/Versions/A/AudioToolbox
0x00000000033c2000 	/System/Library/Frameworks/AudioUnit.framework/Versions/A/AudioUnit
0x00000000033c2000 	/System/Library/PrivateFrameworks/DataDetectorsCore.framework/Versions/A/DataDetectorsCore
0x00000000033c2000 	/System/Library/PrivateFrameworks/DesktopServicesPriv.framework/Versions/A/DesktopServicesPriv
0x00000000033c2000 	/System/Library/Frameworks/Carbon.framework/Versions/A/Frameworks/HIToolbox.framework/Versions/A/HIToolbox
0x00000000033c2000 	/System/Library/Frameworks/QuartzCore.framework/Versions/A/QuartzCore
0x00000000033c2000 	/System/Library/Frameworks/Carbon.framework/Versions/A/Frameworks/SpeechRecognition.framework/Versions/A/SpeechRecognition
0x00000000033c2000 	/usr/lib/libauto.dylib
0x00000000033c2000 	/usr/lib/libicucore.A.dylib
0x00000000033c2000 	/usr/lib/libxml2.2.dylib
0x00000000033c2000 	/System/Library/PrivateFrameworks/CoreUI.framework/Versions/A/CoreUI
0x00000000033c2000 	/System/Library/Frameworks/CoreAudio.framework/Versions/A/CoreAudio
0x00000000033c2000 	/System/Library/Frameworks/DiskArbitration.framework/Versions/A/DiskArbitration
0x00000000033c2000 	/usr/lib/liblangid.dylib
0x00000000033c2000 	/System/Library/PrivateFrameworks/MultitouchSupport.framework/Versions/A/MultitouchSupport
0x00000000033c2000 	/System/Library/Frameworks/IOKit.framework/Versions/A/IOKit
0x00000000033c2000 	/usr/lib/libDiagnosticMessagesClient.dylib
0x00000000033c2000 	/System/Library/Frameworks/CoreServices.framework/Versions/A/CoreServices
0x00000000033c2000 	/System/Library/PrivateFrameworks/PerformanceAnalysis.framework/Versions/A/PerformanceAnalysis
0x00000000033c2000 	/System/Library/PrivateFrameworks/GenerationalStorage.framework/Versions/A/GenerationalStorage
0x00000000033c2000 	/System/Library/Frameworks/OpenGL.framework/Versions/A/OpenGL
0x00000000033c2000 	/System/Library/PrivateFrameworks/Sharing.framework/Versions/A/Sharing
0x00000000033c2000 	/System/Library/Frameworks/CoreGraphics.framework/Versions/A/CoreGraphics
0x00000000033c2000 	/System/Library/Frameworks/CoreImage.framework/Versions/A/CoreImage
0x00000000033c2000 	/System/Library/Frameworks/CoreText.framework/Versions/A/CoreText
0x00000000033c2000 	/System/Library/Frameworks/ImageIO.framework/Versions/A/ImageIO
0x00000000033c2000 	/System/Library/PrivateFrameworks/Backup.framework/Versions/A/Backup
0x00000000033c2000 	/usr/lib/libextension.dylib
0x00000000033c2000 	/usr/lib/libarchive.2.dylib
0x00000000033c2000 	/System/Library/Frameworks/CFNetwork.framework/Versions/A/CFNetwork
0x00000000033c2000 	/System/Library/Frameworks/SystemConfiguration.framework/Versions/A/SystemConfiguration
0x00000000033c2000 	/usr/lib/libCRFSuite.dylib
0x00000000033c2000 	/usr/lib/libc++.1.dylib
0x00000000033c2000 	/usr/lib/libc++abi.dylib
0x00000000033c2000 	/usr/lib/system/libcache.dylib
0x00000000033c2000 	/usr/lib/system/libcommonCrypto.dylib
0x00000000033c2000 	/usr/lib/system/libcompiler_rt.dylib
0x00000000033c2000 	/usr/lib/system/libcopyfile.dylib
0x00000000033c2000 	/usr/lib/system/libcorecrypto.dylib
0x00000000033c2000 	/usr/lib/system/libdispatch.dylib
0x00000000033c2000 	/usr/lib/system/libdyld.dylib
0x00000000033c2000 	/usr/lib/system/libkeymgr.dylib
0x00000000033c2000 	/usr/lib/system/liblaunch.dylib
0x00000000033c2000 	/usr/lib/system/libmacho.dylib
0x00000000033c2000 	/usr/lib/system/libquarantine.dylib
0x00000000033c2000 	/usr/lib/system/libremovefile.dylib
0x00000000033c2000 	/usr/lib/system/libsystem_asl.dylib
0x00000000033c2000 	/usr/lib/system/libsystem_blocks.dylib
0x00000000033c2000 	/usr/lib/system/libsystem_c.dylib
0x00000000033c2000 	/usr/lib/system/libsystem_configuration.dylib
0x00000000033c2000 	/usr/lib/system/libsystem_coreservices.dylib
0x00000000033c2000 	/usr/lib/system/libsystem_coretls.dylib
0x00000000033c2000 	/usr/lib/system/libsystem_dnssd.dylib
0x00000000033c2000 	/usr/lib/system/libsystem_info.dylib
0x00000000033c2000 	/usr/lib/system/libsystem_kernel.dylib
0x00000000033c2000 	/usr/lib/system/libsystem_m.dylib
0x00000000033c2000 	/usr/lib/system/libsystem_malloc.dylib
0x00000000033c2000 	/usr/lib/system/libsystem_network.dylib
0x00000000033c2000 	/usr/lib/system/libsystem_networkextension.dylib
0x00000000033c2000 	/usr/lib/system/libsystem_notify.dylib
0x00000000033c2000 	/usr/lib/system/libsystem_platform.dylib
0x00000000033c2000 	/usr/lib/system/libsystem_pthread.dylib
0x00000000033c2000 	/usr/lib/system/libsystem_sandbox.dylib
0x00000000033c2000 	/usr/lib/system/libsystem_secinit.dylib
0x00000000033c2000 	/usr/lib/system/libsystem_trace.dylib
0x00000000033c2000 	/usr/lib/system/libunc.dylib
0x00000000033c2000 	/usr/lib/system/libunwind.dylib
0x00000000033c2000 	/usr/lib/system/libxpc.dylib
0x00000000033c2000 	/usr/lib/libenergytrace.dylib
0x00000000033c2000 	/usr/lib/libbsm.0.dylib
0x00000000033c2000 	/usr/lib/system/libkxld.dylib
0x00000000033c2000 	/usr/lib/libxar.1.dylib
0x00000000033c2000 	/usr/lib/libsqlite3.dylib
0x00000000033c2000 	/usr/lib/libpam.2.dylib
0x00000000033c2000 	/usr/lib/libOpenScriptingUtil.dylib
0x00000000033c2000 	/usr/lib/libbz2.1.0.dylib
0x00000000033c2000 	/usr/lib/liblzma.5.dylib
0x00000000033c2000 	/System/Library/Frameworks/CoreServices.framework/Versions/A/Frameworks/FSEvents.framework/Versions/A/FSEvents
0x00000000033c2000 	/System/Library/Frameworks/CoreServices.framework/Versions/A/Frameworks/CarbonCore.framework/Versions/A/CarbonCore
0x00000000033c2000 	/System/Library/Frameworks/CoreServices.framework/Versions/A/Frameworks/Metadata.framework/Versions/A/Metadata
0x00000000033c2000 	/System/Library/Frameworks/CoreServices.framework/Versions/A/Frameworks/OSServices.framework/Versions/A/OSServices
0x00000000033c2000 	/System/Library/Frameworks/CoreServices.framework/Versions/A/Frameworks/SearchKit.framework/Versions/A/SearchKit
0x00000000033c2000 	/System/Library/Frameworks/CoreServices.framework/Versions/A/Frameworks/AE.framework/Versions/A/AE
0x00000000033c2000 	/System/Library/Frameworks/CoreServices.framework/Versions/A/Frameworks/LaunchServices.framework/Versions/A/LaunchServices
0x00000000033c2000 	/System/Library/Frameworks/CoreServices.framework/Versions/A/Frameworks/DictionaryServices.framework/Versions/A/DictionaryServices
0x00000000033c2000 	/System/Library/Frameworks/CoreServices.framework/Versions/A/Frameworks/SharedFileList.framework/Versions/A/SharedFileList
0x00000000033c2000 	/System/Library/Frameworks/NetFS.framework/Versions/A/NetFS
0x00000000033c2000 	/System/Library/PrivateFrameworks/NetAuth.framework/Versions/A/NetAuth
0x00000000033c2000 	/System/Library/PrivateFrameworks/login.framework/Versions/A/Frameworks/loginsupport.framework/Versions/A/loginsupport
0x00000000033c2000 	/System/Library/PrivateFrameworks/TCC.framework/Versions/A/TCC
0x00000000033c2000 	/usr/lib/libmecabra.dylib
0x00000000033c2000 	/System/Library/Frameworks/ApplicationServices.framework/Versions/A/Frameworks/ATS.framework/Versions/A/ATS
0x00000000033c2000 	/System/Library/Frameworks/ApplicationServices.framework/Versions/A/Frameworks/ColorSync.framework/Versions/A/ColorSync
0x00000000033c2000 	/System/Library/Frameworks/ApplicationServices.framework/Versions/A/Frameworks/HIServices.framework/Versions/A/HIServices
0x00000000033c2000 	/System/Library/Frameworks/ApplicationServices.framework/Versions/A/Frameworks/LangAnalysis.framework/Versions/A/LangAnalysis
0x00000000033c2000 	/System/Library/Frameworks/ApplicationServices.framework/Versions/A/Frameworks/PrintCore.framework/Versions/A/PrintCore
0x00000000033c2000 	/System/Library/Frameworks/ApplicationServices.framework/Versions/A/Frameworks/QD.framework/Versions/A/QD
0x00000000033c2000 	/System/Library/Frameworks/ApplicationServices.framework/Versions/A/Frameworks/SpeechSynthesis.framework/Versions/A/SpeechSynthesis
0x00000000033c2000 	/System/Library/Frameworks/Metal.framework/Versions/A/Metal
0x00000000033c2000 	/System/Library/Frameworks/Accelerate.framework/Versions/A/Frameworks/vImage.framework/Versions/A/vImage
0x00000000033c2000 	/System/Library/Frameworks/Accelerate.framework/Versions/A/Frameworks/vecLib.framework/Versions/A/vecLib
0x00000000033c2000 	/System/Library/Frameworks/Accelerate.framework/Versions/A/Frameworks/vecLib.framework/Versions/A/libvDSP.dylib
0x00000000033c2000 	/System/Library/Frameworks/Accelerate.framework/Versions/A/Frameworks/vecLib.framework/Versions/A/libvMisc.dylib
0x00000000033c2000 	/System/Library/Frameworks/Accelerate.framework/Versions/A/Frameworks/vecLib.framework/Versions/A/libLAPACK.dylib
0x00000000033c2000 	/System/Library/Frameworks/Accelerate.framework/Versions/A/Frameworks/vecLib.framework/Versions/A/libBLAS.dylib
0x00000000033c2000 	/System/Library/Frameworks/Accelerate.framework/Versions/A/Frameworks/vecLib.framework/Versions/A/libLinearAlgebra.dylib
0x00000000033c2000 	/System/Library/Frameworks/Accelerate.framework/Versions/A/Frameworks/vecLib.framework/Versions/A/libSparseBLAS.dylib
0x00000000033c2000 	/System/Library/PrivateFrameworks/GPUCompiler.framework/libmetal_timestamp.dylib
0x00000000033c2000 	/System/Library/Frameworks/OpenGL.framework/Versions/A/Libraries/libCoreFSCache.dylib
0x00000000033c2000 	/System/Library/PrivateFrameworks/IOAccelerator.framework/Versions/A/IOAccelerator
0x00000000033c2000 	/System/Library/Frameworks/ApplicationServices.framework/Versions/A/Frameworks/ATS.framework/Versions/A/Resources/libFontParser.dylib
0x00000000033c2000 	/System/Library/Frameworks/ApplicationServices.framework/Versions/A/Frameworks/ATS.framework/Versions/A/Resources/libFontRegistry.dylib
0x00000000033c2000 	/System/Library/PrivateFrameworks/AppleVPA.framework/Versions/A/AppleVPA
0x00000000033c2000 	/System/Library/PrivateFrameworks/AppleJPEG.framework/Versions/A/AppleJPEG
0x00000000033c2000 	/System/Library/Frameworks/ImageIO.framework/Versions/A/Resources/libJPEG.dylib
0x00000000033c2000 	/System/Library/Frameworks/ImageIO.framework/Versions/A/Resources/libTIFF.dylib
0x00000000033c2000 	/System/Library/Frameworks/ImageIO.framework/Versions/A/Resources/libPng.dylib
0x00000000033c2000 	/System/Library/Frameworks/ImageIO.framework/Versions/A/Resources/libGIF.dylib
0x00000000033c2000 	/System/Library/Frameworks/ImageIO.framework/Versions/A/Resources/libJP2.dylib
0x00000000033c2000 	/System/Library/Frameworks/ImageIO.framework/Versions/A/Resources/libRadiance.dylib
0x00000000033c2000 	/System/Library/Frameworks/CoreVideo.framework/Versions/A/CoreVideo
0x00000000033c2000 	/System/Library/Frameworks/OpenGL.framework/Versions/A/Libraries/libGLU.dylib
0x00000000033c2000 	/System/Library/Frameworks/OpenGL.framework/Versions/A/Libraries/libGFXShared.dylib
0x00000000033c2000 	/System/Library/Frameworks/OpenGL.framework/Versions/A/Libraries/libGL.dylib
0x00000000033c2000 	/System/Library/Frameworks/OpenGL.framework/Versions/A/Libraries/libGLImage.dylib
0x00000000033c2000 	/System/Library/Frameworks/OpenGL.framework/Versions/A/Libraries/libCVMSPluginSupport.dylib
0x00000000033c2000 	/System/Library/Frameworks/OpenGL.framework/Versions/A/Libraries/libCoreVMClient.dylib
0x00000000033c2000 	/usr/lib/libcompression.dylib
0x00000000033c2000 	/usr/lib/libcups.2.dylib
0x00000000033c2000 	/System/Library/Frameworks/Kerberos.framework/Versions/A/Kerberos
0x00000000033c2000 	/System/Library/Frameworks/GSS.framework/Versions/A/GSS
0x00000000033c2000 	/usr/lib/libresolv.9.dylib
0x00000000033c2000 	/usr/lib/libiconv.2.dylib
0x00000000033c2000 	/System/Library/PrivateFrameworks/Heimdal.framework/Versions/A/Heimdal
0x00000000033c2000 	/usr/lib/libheimdal-asn1.dylib
0x00000000033c2000 	/System/Library/Frameworks/OpenDirectory.framework/Versions/A/OpenDirectory
0x00000000033c2000 	/System/Library/PrivateFrameworks/CommonAuth.framework/Versions/A/CommonAuth
0x00000000033c2000 	/System/Library/Frameworks/OpenDirectory.framework/Versions/A/Frameworks/CFOpenDirectory.framework/Versions/A/CFOpenDirectory
0x00000000033c2000 	/System/Library/Frameworks/SecurityFoundation.framework/Versions/A/SecurityFoundation
0x00000000033c2000 	/System/Library/PrivateFrameworks/LanguageModeling.framework/Versions/A/LanguageModeling
0x00000000033c2000 	/usr/lib/libmarisa.dylib
0x00000000033c2000 	/usr/lib/libChineseTokenizer.dylib
0x00000000033c2000 	/usr/lib/libcmph.dylib
0x00000000033c2000 	/System/Library/Frameworks/ServiceManagement.framework/Versions/A/ServiceManagement
0x00000000033c2000 	/usr/lib/libxslt.1.dylib
0x00000000033c2000 	/System/Library/Frameworks/Carbon.framework/Versions/A/Frameworks/Ink.framework/Versions/A/Ink
0x00000000033c2000 	/usr/lib/libFosl_dynamic.dylib
0x00000000033c2000 	/System/Library/PrivateFrameworks/FaceCore.framework/Versions/A/FaceCore
0x00000000033c2000 	/System/Library/Frameworks/OpenCL.framework/Versions/A/OpenCL
0x00000000033c2000 	/System/Library/PrivateFrameworks/CrashReporterSupport.framework/Versions/A/CrashReporterSupport
0x00000000033c2000 	/System/Library/PrivateFrameworks/IconServices.framework/Versions/A/IconServices
0x00000000033c2000 	/System/Library/PrivateFrameworks/Apple80211.framework/Versions/A/Apple80211
0x00000000033c2000 	/System/Library/Frameworks/CoreWLAN.framework/Versions/A/CoreWLAN
0x00000000033c2000 	/System/Library/Frameworks/IOBluetooth.framework/Versions/A/IOBluetooth
0x00000000033c2000 	/System/Library/PrivateFrameworks/CoreWiFi.framework/Versions/A/CoreWiFi
0x00000000033c2000 	/System/Library/Frameworks/CoreBluetooth.framework/Versions/A/CoreBluetooth
0x00000000033c2000 	/System/Library/PrivateFrameworks/ChunkingLibrary.framework/Versions/A/ChunkingLibrary
0x00000000033c2000 	/System/Library/PrivateFrameworks/DebugSymbols.framework/Versions/A/DebugSymbols
0x00000000033c2000 	/System/Library/PrivateFrameworks/CoreSymbolication.framework/Versions/A/CoreSymbolication
0x00000000033c2000 	/System/Library/PrivateFrameworks/Symbolication.framework/Versions/A/Symbolication
0x00000000033c2000 	/System/Library/PrivateFrameworks/SpeechRecognitionCore.framework/Versions/A/SpeechRecognitionCore
0x0000000111000000 	/Library/Java/JavaVirtualMachines/jdk1.7.0_79.jdk/Contents/Home/jre/lib/server/libjvm.dylib
0x00000000033c2000 	/usr/lib/libstdc++.6.dylib
0x000000010feb0000 	/Library/Java/JavaVirtualMachines/jdk1.7.0_79.jdk/Contents/Home/jre/lib/libverify.dylib
0x000000010febd000 	/Library/Java/JavaVirtualMachines/jdk1.7.0_79.jdk/Contents/Home/jre/lib/libjava.dylib
0x000000010feee000 	/Library/Java/JavaVirtualMachines/jdk1.7.0_79.jdk/Contents/Home/jre/lib/libjdwp.dylib
0x000000010ff2b000 	/Library/Java/JavaVirtualMachines/jdk1.7.0_79.jdk/Contents/Home/jre/lib/libnpt.dylib
0x000000010ff38000 	/Library/Java/JavaVirtualMachines/jdk1.7.0_79.jdk/Contents/Home/jre/lib/libzip.dylib
0x000000010ffe5000 	/System/Library/Frameworks/JavaVM.framework/Frameworks/JavaRuntimeSupport.framework/JavaRuntimeSupport
0x000000012026e000 	/System/Library/Frameworks/JavaVM.framework/Versions/A/Frameworks/JavaNativeFoundation.framework/Versions/A/JavaNativeFoundation
0x0000000120283000 	/System/Library/Frameworks/JavaVM.framework/Versions/A/JavaVM
0x00000000033c2000 	/System/Library/Frameworks/Carbon.framework/Versions/A/Carbon
0x0000000120290000 	/System/Library/PrivateFrameworks/JavaLaunching.framework/Versions/A/JavaLaunching
0x00000000033c2000 	/System/Library/Frameworks/Carbon.framework/Versions/A/Frameworks/CommonPanels.framework/Versions/A/CommonPanels
0x00000000033c2000 	/System/Library/Frameworks/Carbon.framework/Versions/A/Frameworks/Help.framework/Versions/A/Help
0x00000000033c2000 	/System/Library/Frameworks/Carbon.framework/Versions/A/Frameworks/ImageCapture.framework/Versions/A/ImageCapture
0x00000000033c2000 	/System/Library/Frameworks/Carbon.framework/Versions/A/Frameworks/OpenScripting.framework/Versions/A/OpenScripting
0x00000000033c2000 	/System/Library/Frameworks/Carbon.framework/Versions/A/Frameworks/Print.framework/Versions/A/Print
0x00000000033c2000 	/System/Library/Frameworks/Carbon.framework/Versions/A/Frameworks/SecurityHI.framework/Versions/A/SecurityHI
0x0000000121bb3000 	/Library/Java/JavaVirtualMachines/jdk1.7.0_79.jdk/Contents/Home/jre/lib/libdt_socket.dylib
0x0000000121cc4000 	/Library/Java/JavaVirtualMachines/jdk1.7.0_79.jdk/Contents/Home/jre/lib/libsunec.dylib
0x0000000121e2b000 	/Library/Java/JavaVirtualMachines/jdk1.7.0_79.jdk/Contents/Home/jre/lib/libnet.dylib

VM Arguments:
jvm_args: -agentlib:jdwp=transport=dt_socket,suspend=y,address=localhost:53398 -Dfile.encoding=UTF-8 
java_command: org.remotequery.tests.TestCentral
Launcher Type: SUN_STANDARD

Environment Variables:
PATH=/usr/bin:/bin:/usr/sbin:/sbin
SHELL=/bin/bash
DISPLAY=/private/tmp/com.apple.launchd.tjPsMPe7ts/org.macosforge.xquartz:0

Signal Handlers:
SIGSEGV: [libjvm.dylib+0x52daf1], sa_mask[0]=0xfffefeff, sa_flags=0x00000043
SIGBUS: [libjvm.dylib+0x52daf1], sa_mask[0]=0xfffefeff, sa_flags=0x00000042
SIGFPE: [libjvm.dylib+0x41f34e], sa_mask[0]=0xfffefeff, sa_flags=0x00000042
SIGPIPE: [libjvm.dylib+0x41f34e], sa_mask[0]=0xfffefeff, sa_flags=0x00000042
SIGXFSZ: [libjvm.dylib+0x41f34e], sa_mask[0]=0xfffefeff, sa_flags=0x00000042
SIGILL: [libjvm.dylib+0x41f34e], sa_mask[0]=0xfffefeff, sa_flags=0x00000042
SIGUSR1: SIG_DFL, sa_mask[0]=0x00000000, sa_flags=0x00000000
SIGUSR2: [libjvm.dylib+0x41ee40], sa_mask[0]=0x00000004, sa_flags=0x00000042
SIGHUP: [libjvm.dylib+0x41d0d1], sa_mask[0]=0xfffefeff, sa_flags=0x00000042
SIGINT: [libjvm.dylib+0x41d0d1], sa_mask[0]=0xfffefeff, sa_flags=0x00000042
SIGTERM: [libjvm.dylib+0x41d0d1], sa_mask[0]=0xfffefeff, sa_flags=0x00000042
SIGQUIT: [libjvm.dylib+0x41d0d1], sa_mask[0]=0xfffefeff, sa_flags=0x00000042


---------------  S Y S T E M  ---------------

OS:Bsduname:Darwin 15.6.0 Darwin Kernel Version 15.6.0: Sun Jun  4 21:43:07 PDT 2017; root:xnu-3248.70.3~1/RELEASE_X86_64 x86_64
rlimit: STACK 8192k, CORE 0k, NPROC 709, NOFILE 10240, AS infinity
load average:1.52 1.93 1.95

CPU:total 8 (4 cores per cpu, 2 threads per core) family 6 model 70 stepping 1, cmov, cx8, fxsr, mmx, sse, sse2, sse3, ssse3, sse4.1, sse4.2, popcnt, avx, avx2, aes, erms, ht, tsc, tscinvbit

Memory: 4k page, physical 16777216k(4194304k free)

/proc/meminfo:


vm_info: Java HotSpot(TM) 64-Bit Server VM (24.79-b02) for bsd-amd64 JRE (1.7.0_79-b15), built on Apr 10 2015 11:35:04 by "java_re" with gcc 4.2.1 (Based on Apple Inc. build 5658) (LLVM build 2336.11.00)

time: Thu Nov  2 21:18:01 2017
elapsed time: 58 seconds

